<?xml version="1.0" encoding="UTF-8"?>
<testsuites name="TS_SAMTestSuite" time="83" tests="1" failures="0" errors="0">
   <testsuite name="TS_SAMTestSuite" tests="1" failures="0" errors="0" time="83" timestamp="2019-08-20 07:09:14" hostname="sony - Liku" id="Test Suites/TS_SAMTestSuite">
      <properties>
         <property name="deviceName" value=""/>
         <property name="devicePlatform" value=""/>
         <property name="logFolder" value="C:\\Users\\sony\\Desktop\\Freelancer\\Katalon Project\\SAM_UIAutomation\\Reports\\TS_SAMTestSuite\\20190820_070908"/>
         <property name="logFiles" value="C:\\Users\\sony\\Desktop\\Freelancer\\Katalon Project\\SAM_UIAutomation\\Reports\\TS_SAMTestSuite\\20190820_070908\\execution0.log"/>
         <property name="attachments" value=""/>
         <property name="hostName" value="sony - Liku"/>
         <property name="os" value="Windows 7 64bit"/>
         <property name="katalonVersion" value="6.1.3.3"/>
         <property name="browser" value="Chrome 75.0.3770.80"/>
         <property name="hostAddress" value="169.254.148.186"/>
         <property name="sessionId" value="465b5eadfeece11bc375fd3482d545be"/>
         <property name="seleniumVersion" value="3.7.1"/>
         <property name="proxyInformation" value="ProxyInformation{proxyOption=NO_PROXY, proxyServerType=HTTP, password=, proxyServerAddress=, proxyServerPort=0}"/>
         <property name="platform" value="Windows 7"/>
      </properties>
      <testcase name="Test Cases/SAM_TestCase/TC_EventCreate" classname="Test Cases/SAM_TestCase/TC_EventCreate" status="PASSED">
         <system-out><![CDATA[2019-08-20 07:09:14 - [TEST_CASE][PASSED] - Test Cases/SAM_TestCase/TC_EventCreate: Test Cases/SAM_TestCase/TC_EventCreate

2019-08-20 07:09:16 - [TEST_STEP][PASSED] - common.CommonLibrary.navigateToURL(): common.CommonLibrary.navigateToURL is PASSED

2019-08-20 07:09:20 - [MESSAGE][INFO] - Starting 'Chrome' driver

2019-08-20 07:09:20 - [MESSAGE][INFO] - Action delay is set to 0 seconds

2019-08-20 07:09:38 - [MESSAGE][PASSED] - Browser is opened with url: 'https://test-sam.interact.technology/app/login'

2019-08-20 07:09:39 - [MESSAGE][PASSED] - Current window maximized

2019-08-20 07:09:44 - [MESSAGE][PASSED] - Delayed 5 second(s)

2019-08-20 07:09:44 - [MESSAGE][PASSED] - common.CommonLibrary.navigateToURL is PASSED

2019-08-20 07:09:44 - [TEST_STEP][PASSED] - common.CommonLibrary.loginSAM(Email, Password): common.CommonLibrary.loginSAM is PASSED

2019-08-20 07:09:44 - [MESSAGE][PASSED] - Object 'Object Repository/SAM_Login/btnCookies' is present

2019-08-20 07:09:46 - [MESSAGE][PASSED] - Object: 'Object Repository/SAM_Login/btnCookies' is clicked on

2019-08-20 07:09:47 - [MESSAGE][PASSED] - Text 'roopa@interact.technology' is set on object 'Object Repository/SAM_Login/txtUserName'

2019-08-20 07:09:47 - [MESSAGE][PASSED] - Object: 'Object Repository/SAM_Login/btnNext' is clicked on

2019-08-20 07:09:48 - [MESSAGE][PASSED] - Text 'Password1' is set on object 'Object Repository/SAM_Login/txtPassword'

2019-08-20 07:09:48 - [MESSAGE][PASSED] - Object: 'Object Repository/SAM_Login/btnLogin' is clicked on

2019-08-20 07:09:51 - [MESSAGE][PASSED] - Delayed 3 second(s)

2019-08-20 07:09:51 - [MESSAGE][PASSED] - common.CommonLibrary.loginSAM is PASSED

2019-08-20 07:09:51 - [TEST_STEP][PASSED] - eventCreate.eventCommon.selectCompany(Company): eventCreate.eventCommon.selectCompany is PASSED

2019-08-20 07:09:54 - [MESSAGE][PASSED] - Delayed 3 second(s)

2019-08-20 07:09:54 - [MESSAGE][PASSED] - Object: 'Object Repository/SAMEventCreate/SuperUserCompany/linkSuperUser' is clicked on

2019-08-20 07:09:55 - [MESSAGE][PASSED] - Text 'Archanas' is set on object 'Object Repository/SAMEventCreate/SuperUserCompany/txtSearchCompany'

2019-08-20 07:09:56 - [MESSAGE][PASSED] - Delayed 1 second(s)

2019-08-20 07:09:56 - [MESSAGE][PASSED] - Keys 'ENTER + ' sent to object: 'Object Repository/SAMEventCreate/SuperUserCompany/txtSearchCompany'

2019-08-20 07:09:57 - [MESSAGE][PASSED] - Delayed 1 second(s)

2019-08-20 07:09:57 - [MESSAGE][PASSED] - Object: 'Object Repository/SAMEventCreate/SuperUserCompany/btnCompanyRow' is clicked on

2019-08-20 07:09:59 - [MESSAGE][PASSED] - Delayed 2 second(s)

2019-08-20 07:09:59 - [MESSAGE][PASSED] - Object: 'Object Repository/SAMEventCreate/SuperUserCompany/btnMyInteract' is clicked on

2019-08-20 07:10:02 - [MESSAGE][PASSED] - Delayed 3 second(s)

2019-08-20 07:10:03 - [MESSAGE][PASSED] - Object: 'Object Repository/SAMEventCreate/SuperUserCompany/btnMyEvent' is clicked on

2019-08-20 07:10:05 - [MESSAGE][PASSED] - Delayed 2 second(s)

2019-08-20 07:10:05 - [MESSAGE][PASSED] - Object: 'Object Repository/SAMEventCreate/SuperUserCompany/btnAddEvent' is clicked on

2019-08-20 07:10:07 - [MESSAGE][PASSED] - Delayed 2 second(s)

2019-08-20 07:10:07 - [MESSAGE][PASSED] - Object: 'Object Repository/SAMEventCreate/SuperUserCompany/btnEventDetailsTab' is clicked on

2019-08-20 07:10:07 - [MESSAGE][PASSED] - eventCreate.eventCommon.selectCompany is PASSED

2019-08-20 07:10:07 - [TEST_STEP][PASSED] - eventCreate.eventCommon.addEventDetails(EventName, EventType, EventDetails, Address, StartDate, EndDate, Timezone): eventCreate.eventCommon.addEventDetails is PASSED

2019-08-20 07:10:10 - [MESSAGE][PASSED] - Delayed 3 second(s)

2019-08-20 07:10:11 - [MESSAGE][PASSED] - Text 'Test Event' is set on object 'Object Repository/SAMEventCreate/EventDetails/txtEventName'

2019-08-20 07:10:12 - [MESSAGE][PASSED] - Delayed 1 second(s)

2019-08-20 07:10:12 - [MESSAGE][PASSED] - Object: 'Object Repository/SAMEventCreate/EventDetails/btnEventType' is clicked on

2019-08-20 07:10:14 - [MESSAGE][PASSED] - Delayed 2 second(s)

2019-08-20 07:10:14 - [MESSAGE][PASSED] - Object: 'Object Repository/SAMEventCreate/EventDetails/selectEventType' is clicked on

2019-08-20 07:10:15 - [MESSAGE][PASSED] - Delayed 1 second(s)

2019-08-20 07:10:15 - [MESSAGE][PASSED] - Text 'Test Event Details' is set on object 'Object Repository/SAMEventCreate/EventDetails/txtEventDetails'

2019-08-20 07:10:16 - [MESSAGE][PASSED] - Delayed 1 second(s)

2019-08-20 07:10:16 - [MESSAGE][PASSED] - Object: 'Object Repository/SAMEventCreate/EventDetails/imgSetLocation' is clicked on

2019-08-20 07:10:18 - [MESSAGE][PASSED] - Delayed 2 second(s)

2019-08-20 07:10:21 - [MESSAGE][PASSED] - Text '50 Pitt St, Sydney NSW 2000, Australia' is set on object 'Object Repository/SAMEventCreate/EventDetails/txtSearchGoogleMap'

2019-08-20 07:10:22 - [MESSAGE][PASSED] - Delayed 1 second(s)

2019-08-20 07:10:22 - [MESSAGE][PASSED] - Object: 'Object Repository/SAMEventCreate/EventDetails/btnGoogleSearch' is clicked on

2019-08-20 07:10:24 - [MESSAGE][PASSED] - Delayed 2 second(s)

2019-08-20 07:10:24 - [MESSAGE][PASSED] - Object: 'Object Repository/SAMEventCreate/EventDetails/selectGoogleSearchedLocation' is clicked on

2019-08-20 07:10:25 - [MESSAGE][PASSED] - Delayed 1 second(s)

2019-08-20 07:10:25 - [MESSAGE][PASSED] - Object: 'Object Repository/SAMEventCreate/EventDetails/btnLocationOkButton' is clicked on

2019-08-20 07:10:26 - [MESSAGE][PASSED] - Delayed 1 second(s)

2019-08-20 07:10:26 - [MESSAGE][PASSED] - Object: 'Object Repository/SAMEventCreate/EventDetails/btnLocationSave' is clicked on

2019-08-20 07:10:28 - [MESSAGE][PASSED] - Delayed 2 second(s)

2019-08-20 07:10:29 - [MESSAGE][PASSED] - Text '8-Aug-2019  9:36:00 AM' is set on object 'Object Repository/SAMEventCreate/EventDetails/txtEventStartDate'

2019-08-20 07:10:30 - [MESSAGE][PASSED] - Delayed 1 second(s)

2019-08-20 07:10:31 - [MESSAGE][PASSED] - Text '22-Aug-2019 09:37' is set on object 'Object Repository/SAMEventCreate/EventDetails/txtEventEndDate'

2019-08-20 07:10:32 - [MESSAGE][PASSED] - Delayed 1 second(s)

2019-08-20 07:10:32 - [MESSAGE][PASSED] - Object: 'Object Repository/SAMEventCreate/EventDetails/imgSetTimeZone' is clicked on

2019-08-20 07:10:34 - [MESSAGE][PASSED] - Delayed 2 second(s)

2019-08-20 07:10:34 - [MESSAGE][PASSED] - Object: 'Object Repository/SAMEventCreate/EventDetails/btnSaveTimeZone' is clicked on

2019-08-20 07:10:36 - [MESSAGE][PASSED] - Delayed 2 second(s)

2019-08-20 07:10:36 - [MESSAGE][PASSED] - Object: 'Object Repository/SAMEventCreate/EventDetails/btnSaveEventDetails' is clicked on

2019-08-20 07:10:36 - [MESSAGE][PASSED] - eventCreate.eventCommon.addEventDetails is PASSED]]></system-out>
         <system-err><![CDATA[]]></system-err>
      </testcase>
      <system-out><![CDATA[2019-08-20 07:09:14 - [TEST_SUITE][PASSED] - TS_SAMTestSuite: Test Cases/SAM_TestCase/TC_EventCreate]]></system-out>
      <system-err><![CDATA[]]></system-err>
   </testsuite>
</testsuites>
